Base path: 'X:/Unity/2019.3.10f1/Editor/Data', plugins path 'X:/Unity/2019.3.10f1/Editor/Data/PlaybackEngines'
Cmd: initializeCompiler
Cmd: compileSnippet
  api=4 type=1 insize=2295 outsize=446 kw= pd=UNITY_NO_DXT5nm UNITY_ENABLE_REFLECTION_BUFFERS UNITY_NO_CUBEMAP_ARRAY UNITY_NO_SCREENSPACE_SHADOWS UNITY_PBS_USE_BRDF2 SHADER_API_DESKTOP UNITY_HARDWARE_TIER3 UNITY_COLORSPACE_GAMMA UNITY_LIGHTMAP_DLDR_ENCODING ok=1
Cmd: compileSnippet
  api=4 type=0 insize=17241 outsize=1122 kw=UNITY_PASS_FORWARDBASE DIRECTIONAL pd=UNITY_NO_DXT5nm UNITY_ENABLE_REFLECTION_BUFFERS UNITY_NO_CUBEMAP_ARRAY UNITY_NO_SCREENSPACE_SHADOWS UNITY_PBS_USE_BRDF2 SHADER_API_DESKTOP UNITY_HARDWARE_TIER3 UNITY_COLORSPACE_GAMMA UNITY_LIGHTMAP_DLDR_ENCODING ok=1
Cmd: compileSnippet
  api=4 type=1 insize=17241 outsize=434 kw=UNITY_PASS_FORWARDBASE DIRECTIONAL pd=UNITY_NO_DXT5nm UNITY_ENABLE_REFLECTION_BUFFERS UNITY_NO_CUBEMAP_ARRAY UNITY_NO_SCREENSPACE_SHADOWS UNITY_PBS_USE_BRDF2 SHADER_API_DESKTOP UNITY_HARDWARE_TIER3 UNITY_COLORSPACE_GAMMA UNITY_LIGHTMAP_DLDR_ENCODING ok=1
Cmd: preprocess
  insize=811 outsize=209 ok=1
Cmd: preprocess
  insize=811 outsize=209 ok=1
Cmd: preprocess
  insize=811 outsize=209 ok=1
Cmd: preprocess
  insize=811 outsize=209 ok=1
Cmd: preprocess
  insize=811 outsize=209 ok=1
Cmd: preprocess
  insize=811 outsize=209 ok=1
Cmd: preprocess
  insize=811 outsize=209 ok=1
Cmd: preprocess
  insize=811 outsize=209 ok=1
Cmd: preprocess
  insize=811 outsize=209 ok=1
Cmd: preprocess
  insize=811 outsize=209 ok=1
Cmd: preprocess
  insize=811 outsize=209 ok=1
Cmd: preprocess
  insize=811 outsize=209 ok=1
Cmd: preprocess
  insize=811 outsize=209 ok=1
Cmd: preprocess
  insize=811 outsize=209 ok=1
Cmd: preprocess
  insize=811 outsize=209 ok=1
Cmd: preprocess
  insize=811 outsize=209 ok=1
Cmd: preprocess
  insize=66660 outsize=2768 ok=1
Cmd: preprocess
  insize=3474 outsize=501 ok=1
Cmd: preprocess
  insize=3834 outsize=503 ok=1
Cmd: preprocess
  insize=3502 outsize=506 ok=1
Cmd: preprocess
  insize=3858 outsize=503 ok=1
Cmd: preprocess
  insize=3287 outsize=497 ok=1
Cmd: preprocess
  insize=3839 outsize=503 ok=1
Cmd: preprocess
  insize=4121 outsize=498 ok=1
Cmd: preprocess
  insize=4351 outsize=503 ok=1
Cmd: preprocess
  insize=4760 outsize=499 ok=1
Cmd: preprocess
  insize=811 outsize=209 ok=1
Cmd: preprocess
  insize=811 outsize=209 ok=1
Cmd: preprocess
  insize=811 outsize=209 ok=1
Cmd: preprocess
  insize=811 outsize=209 ok=1
Cmd: preprocess
  insize=811 outsize=209 ok=1
Cmd: preprocess
  insize=811 outsize=209 ok=1
Cmd: preprocess
  insize=811 outsize=209 ok=1
Cmd: preprocess
  insize=811 outsize=209 ok=1
Cmd: preprocess
  insize=811 outsize=209 ok=1
Cmd: preprocess
  insize=811 outsize=209 ok=1
Cmd: preprocess
  insize=811 outsize=209 ok=1
Cmd: preprocess
  insize=811 outsize=209 ok=1
Cmd: preprocess
  insize=811 outsize=209 ok=1
Cmd: preprocess
  insize=811 outsize=209 ok=1
Cmd: preprocess
  insize=811 outsize=209 ok=1
Cmd: preprocess
  insize=811 outsize=209 ok=1
Cmd: preprocess
  insize=66651 outsize=2759 ok=1
Cmd: preprocess
  insize=3465 outsize=492 ok=1
Cmd: preprocess
  insize=3825 outsize=494 ok=1
Cmd: preprocess
  insize=3493 outsize=497 ok=1
Cmd: preprocess
  insize=3849 outsize=494 ok=1
Cmd: preprocess
  insize=3278 outsize=488 ok=1
Cmd: preprocess
  insize=3830 outsize=494 ok=1
Cmd: preprocess
  insize=4112 outsize=489 ok=1
Cmd: preprocess
  insize=4342 outsize=494 ok=1
Cmd: preprocess
  insize=4751 outsize=490 ok=1
Cmd: preprocess
  insize=4751 outsize=490 ok=1
Cmd: preprocess
  insize=66651 outsize=2759 ok=1
Cmd: preprocess
  insize=4112 outsize=489 ok=1
Cmd: preprocess
  insize=4342 outsize=494 ok=1
Cmd: preprocess
  insize=3830 outsize=494 ok=1
Cmd: initializeCompiler
Cmd: preprocess
  insize=63890 outsize=2773 ok=1
Cmd: preprocess
  insize=811 outsize=209 ok=1
Cmd: preprocess
  insize=811 outsize=209 ok=1
Cmd: preprocess
  insize=811 outsize=209 ok=1
Cmd: preprocess
  insize=811 outsize=209 ok=1
Cmd: preprocess
  insize=811 outsize=209 ok=1
Cmd: preprocess
  insize=811 outsize=209 ok=1
Cmd: preprocess
  insize=811 outsize=209 ok=1
Cmd: preprocess
  insize=811 outsize=209 ok=1
Cmd: preprocess
  insize=811 outsize=209 ok=1
Cmd: preprocess
  insize=811 outsize=209 ok=1
Cmd: preprocess
  insize=811 outsize=209 ok=1
Cmd: preprocess
  insize=811 outsize=209 ok=1
Cmd: preprocess
  insize=811 outsize=209 ok=1
Cmd: preprocess
  insize=811 outsize=209 ok=1
Cmd: preprocess
  insize=811 outsize=209 ok=1
Cmd: preprocess
  insize=811 outsize=209 ok=1
Cmd: preprocess
  insize=66651 outsize=2759 ok=1
Cmd: preprocess
  insize=3465 outsize=492 ok=1
Cmd: preprocess
  insize=3825 outsize=494 ok=1
Cmd: preprocess
  insize=3493 outsize=497 ok=1
Cmd: preprocess
  insize=3849 outsize=494 ok=1
Cmd: preprocess
  insize=3278 outsize=488 ok=1
Cmd: preprocess
  insize=3830 outsize=494 ok=1
Cmd: preprocess
  insize=4112 outsize=489 ok=1
Cmd: preprocess
  insize=4342 outsize=494 ok=1
Cmd: preprocess
  insize=4751 outsize=490 ok=1
